<?xml version="1.0" encoding="UTF-8"?>
<!-- Generated by org.testng.reporters.JUnitReportReporter -->
<testsuite hostname="AjVivoBook" failures="0" tests="1" name="tests.First_Test" time="0.015" errors="0" timestamp="2023-07-24T21:31:07 IST" skipped="0">
  <testcase classname="tests.First_Test" name="m1" time="0.015"/>
  <system-out/>
</testsuite> <!-- tests.First_Test -->
